
  ___  ____  ____  ____  ____ ®
 /__    /   ____/   /   ____/      StataNow 19.5
___/   /   /___/   /   /___/       SE—Standard Edition

 Statistics and Data Science       Copyright 1985-2025 StataCorp LLC
                                   StataCorp
                                   4905 Lakeway Drive
                                   College Station, Texas 77845 USA
                                   800-782-8272        https://www.stata.com
                                   979-696-4600        service@stata.com

Stata license: Unlimited-user network, expiring 22 Jan 2027
Serial number: 401909301783
  Licensed to: Aubrey Jolex
               Innovations for Poverty Action

Notes:
      1. Stata is running in batch mode.
      2. Unicode is supported; see help unicode_advice.
      3. Maximum number of variables is set to 32,767; see help set_maxvar.

. do C:\Users\AJolex\AppData\Local\Temp\sctoapi_ICM_Business_linked_launch_79y6
> 8w5w.do 

. version 18

. capture noisily which sctoapi
C:\Users\AJolex\ado\plus\s\sctoapi.ado
*!Version 2.1 22MAR2021 SurveyCTO support@surveycto.com

. if _rc {
.     noisily ssc install sctoapi, replace
. }

. sctoapi ICM_Business_linked_launch, server(pspsicm) username(ajolex@poverty-a
> ction.org) password(@Kwathu%0306) date(0) outputfolder("F:\10_Livelihood\PSPS
>  ICM Livelihoods Study\10_ICM Follow up survey\Data Management System\ICM Bus
> iness module\4_data\2_survey")
Downloading ICM_Business_linked_launch from pspsicm in WIDE format...
Download of ICM_Business_linked_launch data complete.

Import dataset...
icm_grp_mem_name_old2_H019505016_1 invalid name
r(198);

end of do-file
r(198);
